<?xml version="1.0" encoding="UTF-8"?>
<testsuite name="SILab2Test" tests="1" skipped="0" failures="0" errors="0" timestamp="2022-05-13T18:48:07" hostname="DESKTOP-IRKCSAD" time="0.024">
  <properties/>
  <testcase name="everyBranchTest()" classname="SILab2Test" time="0.024"/>
  <system-out><![CDATA[]]></system-out>
  <system-err><![CDATA[]]></system-err>
</testsuite>
